<?xml version="1.0" encoding="UTF-8"?>
<testsuite xmlns:xsi="http://www.w3.org/2001/XMLSchema-instance" xsi:noNamespaceSchemaLocation="https://maven.apache.org/surefire/maven-surefire-plugin/xsd/surefire-test-report-3.0.xsd" version="3.0" name="StringOperationsTest" time="0.384" tests="17" errors="0" skipped="0" failures="0">
  <properties>
[...]
</properties>
  <testcase name="isPalidromeFirstCondition1(String,String)" classname="StringOperationsTest" time="0.089"/>
  <testcase name="isPalidromeFirstCondition1(String,String)" classname="StringOperationsTest" time="0.006"/>
  <testcase name="isPalidromeFirstCondition1(String,String)" classname="StringOperationsTest" time="0.006"/>
  <testcase name="isPalidromeFirstCondition1(String,String)" classname="StringOperationsTest" time="0.003"/>
  <testcase name="isPalidromeSecoundCondition2(String,String)" classname="StringOperationsTest" time="0.006"/>
  <testcase name="isPalidromeSecoundCondition2(String,String)" classname="StringOperationsTest" time="0.003"/>
  <testcase name="isPalidromeSecoundCondition2(String,String)" classname="StringOperationsTest" time="0.002"/>
  <testcase name="isPalidromeSecoundCondition2(String,String)" classname="StringOperationsTest" time="0.003"/>
  <testcase name="isPalidromeSecoundCondition2(String,String)" classname="StringOperationsTest" time="0.006"/>
  <testcase name="concatTest1(String,String,String)" classname="StringOperationsTest" time="0.001"/>
  <testcase name="concatTest1(String,String,String)" classname="StringOperationsTest" time="0.003"/>
  <testcase name="concatTest1(String,String,String)" classname="StringOperationsTest" time="0.001"/>
  <testcase name="concatTest1(String,String,String)" classname="StringOperationsTest" time="0"/>
  <testcase name="reverseTest(String,String)" classname="StringOperationsTest" time="0.002"/>
  <testcase name="reverseTest(String,String)" classname="StringOperationsTest" time="0.001"/>
  <testcase name="reverseTest(String,String)" classname="StringOperationsTest" time="0.002"/>
  <testcase name="reverseTest(String,String)" classname="StringOperationsTest" time="0"/>
</testsuite>